#
# There is insufficient memory for the Java Runtime Environment to continue.
# Native memory allocation (malloc) failed to allocate 1938512 bytes for Chunk::new
# Possible reasons:
#   The system is out of physical RAM or swap space
#   The process is running with CompressedOops enabled, and the Java Heap may be blocking the growth of the native heap
# Possible solutions:
#   Reduce memory load on the system
#   Increase physical memory or swap space
#   Check if swap backing store is full
#   Decrease Java heap size (-Xmx/-Xms)
#   Decrease number of Java threads
#   Decrease Java thread stack sizes (-Xss)
#   Set larger code cache with -XX:ReservedCodeCacheSize=
#   JVM is running with Unscaled Compressed Oops mode in which the Java heap is
#     placed in the first 4GB address space. The Java Heap base address is the
#     maximum limit for the native heap growth. Please use -XX:HeapBaseMinAddress
#     to set the Java Heap base and to place the Java Heap above 4GB virtual address.
# This output file may be truncated or incomplete.
#
#  Out of Memory Error (allocation.cpp:389), pid=15828, tid=0x000000000000500c
#
# JRE version: Java(TM) SE Runtime Environment (8.0_261-b12) (build 1.8.0_261-b12)
# Java VM: Java HotSpot(TM) 64-Bit Server VM (25.261-b12 mixed mode windows-amd64 compressed oops)
# Failed to write core dump. Minidumps are not enabled by default on client versions of Windows
#

---------------  T H R E A D  ---------------

Current thread (0x0000021193a7a000):  JavaThread "C2 CompilerThread0" daemon [_thread_in_native, id=20492, stack(0x0000003756700000,0x0000003756800000)]

Stack: [0x0000003756700000,0x0000003756800000]
Native frames: (J=compiled Java code, j=interpreted, Vv=VM code, C=native code)
V  [jvm.dll+0x33e5f9]
V  [jvm.dll+0x2850e2]
V  [jvm.dll+0x285d8d]
V  [jvm.dll+0x27c895]
V  [jvm.dll+0xe4d6c]
V  [jvm.dll+0xe556c]
V  [jvm.dll+0x47ed35]
V  [jvm.dll+0x446ab8]
V  [jvm.dll+0x44f8f5]
V  [jvm.dll+0x44ecb5]
V  [jvm.dll+0x439bc7]
V  [jvm.dll+0xbbbcb]
V  [jvm.dll+0xba22b]
V  [jvm.dll+0x24d962]
V  [jvm.dll+0x2a1cfc]
C  [ucrtbase.dll+0x214c2]
C  [KERNEL32.DLL+0x17034]
C  [ntdll.dll+0x4d0d1]


Current CompileTask:
C2:   5647 1972       4       java.net.URLClassLoader$1::run (5 bytes)


---------------  P R O C E S S  ---------------

Java Threads: ( => current thread )
  0x00000211950f3000 JavaThread "pool-1-thread-1" [_thread_blocked, id=5716, stack(0x0000003756d00000,0x0000003756e00000)]
  0x0000021194f68000 JavaThread "mysql-cj-abandoned-connection-cleanup" daemon [_thread_blocked, id=16552, stack(0x0000003756c00000,0x0000003756d00000)]
  0x00000211946d1800 JavaThread "Service Thread" daemon [_thread_blocked, id=9812, stack(0x0000003756a00000,0x0000003756b00000)]
  0x0000021194615800 JavaThread "C1 CompilerThread2" daemon [_thread_blocked, id=20204, stack(0x0000003756900000,0x0000003756a00000)]
  0x0000021193a7d000 JavaThread "C2 CompilerThread1" daemon [_thread_in_native, id=8916, stack(0x0000003756800000,0x0000003756900000)]
=>0x0000021193a7a000 JavaThread "C2 CompilerThread0" daemon [_thread_in_native, id=20492, stack(0x0000003756700000,0x0000003756800000)]
  0x00000211945b0000 JavaThread "Monitor Ctrl-Break" daemon [_thread_in_native, id=4768, stack(0x0000003756600000,0x0000003756700000)]
  0x0000021193973000 JavaThread "Attach Listener" daemon [_thread_blocked, id=19428, stack(0x0000003756500000,0x0000003756600000)]
  0x0000021193972800 JavaThread "Signal Dispatcher" daemon [_thread_blocked, id=14696, stack(0x0000003756400000,0x0000003756500000)]
  0x000002119394d800 JavaThread "Finalizer" daemon [_thread_blocked, id=1576, stack(0x0000003756300000,0x0000003756400000)]
  0x0000021193946000 JavaThread "Reference Handler" daemon [_thread_blocked, id=4544, stack(0x0000003756200000,0x0000003756300000)]
  0x00000211ff6fc000 JavaThread "main" [_thread_in_Java, id=16444, stack(0x0000003755c00000,0x0000003755d00000)]

Other Threads:
  0x0000021193923800 VMThread [stack: 0x0000003756100000,0x0000003756200000] [id=8684]
  0x00000211946d4000 WatcherThread [stack: 0x0000003756b00000,0x0000003756c00000] [id=21168]

VM state:not at safepoint (normal execution)

VM Mutex/Monitor currently owned by a thread: None

heap address: 0x00000000c1600000, size: 1002 MB, Compressed Oops mode: 32-bit
Narrow klass base: 0x0000000000000000, Narrow klass shift: 3
Compressed class space size: 1073741824 Address: 0x0000000100000000

Heap:
 PSYoungGen      total 73728K, used 15745K [0x00000000eb200000, 0x00000000f3500000, 0x0000000100000000)
  eden space 65024K, 10% used [0x00000000eb200000,0x00000000eb8e4fc0,0x00000000ef180000)
  from space 8704K, 99% used [0x00000000ef180000,0x00000000ef9fb450,0x00000000efa00000)
  to   space 10752K, 0% used [0x00000000f2a80000,0x00000000f2a80000,0x00000000f3500000)
 ParOldGen       total 35840K, used 10655K [0x00000000c1600000, 0x00000000c3900000, 0x00000000eb200000)
  object space 35840K, 29% used [0x00000000c1600000,0x00000000c2067ce8,0x00000000c3900000)
 Metaspace       used 31229K, capacity 31578K, committed 32000K, reserved 1077248K
  class space    used 4219K, capacity 4331K, committed 4352K, reserved 1048576K

Card table byte_map: [0x00000211ffc50000,0x00000211ffe50000] byte_map_base: 0x00000211ff645000

Marking Bits: (ParMarkBitMap*) 0x00000000716c4fb0
 Begin Bits: [0x00000211907d0000, 0x0000021191778000)
 End Bits:   [0x0000021191778000, 0x0000021192720000)

Polling page: 0x00000211ffc20000

CodeCache: size=245760Kb used=7336Kb max_used=7336Kb free=238423Kb
 bounds [0x0000021181410000, 0x0000021181b40000, 0x0000021190410000]
 total_blobs=2779 nmethods=2247 adapters=442
 compilation: enabled

Compilation events (10 events):
Event: 5.558 Thread 0x0000021194615800 2236       3       java.util.concurrent.locks.ReentrantLock::<init> (16 bytes)
Event: 5.558 Thread 0x0000021194615800 nmethod 2236 0x0000021181b3a3d0 code [0x0000021181b3a560, 0x0000021181b3a958]
Event: 5.586 Thread 0x0000021194615800 2238       3       java.util.regex.Pattern$BitClass::isSatisfiedBy (22 bytes)
Event: 5.587 Thread 0x0000021194615800 nmethod 2238 0x0000021181b39f50 code [0x0000021181b3a0c0, 0x0000021181b3a2d8]
Event: 5.587 Thread 0x0000021194615800 2239       3       java.util.Calendar::setFieldsComputed (117 bytes)
Event: 5.587 Thread 0x0000021194615800 nmethod 2239 0x0000021181b39590 code [0x0000021181b39740, 0x0000021181b39bf8]
Event: 5.587 Thread 0x0000021194615800 2240       3       java.lang.StringBuilder::append (6 bytes)
Event: 5.588 Thread 0x0000021194615800 nmethod 2240 0x0000021181b390d0 code [0x0000021181b39240, 0x0000021181b394b0]
Event: 5.588 Thread 0x0000021194615800 2241       3       java.lang.Math::addExact (26 bytes)
Event: 5.589 Thread 0x0000021194615800 nmethod 2241 0x0000021181b3ab90 code [0x0000021181b3ad00, 0x0000021181b3af50]

GC Heap History (10 events):
Event: 1.441 GC heap before
{Heap before GC invocations=4 (full 0):
 PSYoungGen      total 18944K, used 18905K [0x00000000eb200000, 0x00000000ed700000, 0x0000000100000000)
  eden space 16384K, 100% used [0x00000000eb200000,0x00000000ec200000,0x00000000ec200000)
  from space 2560K, 98% used [0x00000000ec200000,0x00000000ec4766c8,0x00000000ec480000)
  to   space 2560K, 0% used [0x00000000ed480000,0x00000000ed480000,0x00000000ed700000)
 ParOldGen       total 44032K, used 88K [0x00000000c1600000, 0x00000000c4100000, 0x00000000eb200000)
  object space 44032K, 0% used [0x00000000c1600000,0x00000000c1616010,0x00000000c4100000)
 Metaspace       used 12125K, capacity 12318K, committed 12672K, reserved 1060864K
  class space    used 1509K, capacity 1595K, committed 1664K, reserved 1048576K
Event: 1.448 GC heap after
Heap after GC invocations=4 (full 0):
 PSYoungGen      total 35328K, used 2528K [0x00000000eb200000, 0x00000000ed700000, 0x0000000100000000)
  eden space 32768K, 0% used [0x00000000eb200000,0x00000000eb200000,0x00000000ed200000)
  from space 2560K, 98% used [0x00000000ed480000,0x00000000ed6f8318,0x00000000ed700000)
  to   space 2560K, 0% used [0x00000000ed200000,0x00000000ed200000,0x00000000ed480000)
 ParOldGen       total 44032K, used 1730K [0x00000000c1600000, 0x00000000c4100000, 0x00000000eb200000)
  object space 44032K, 3% used [0x00000000c1600000,0x00000000c17b0af0,0x00000000c4100000)
 Metaspace       used 12125K, capacity 12318K, committed 12672K, reserved 1060864K
  class space    used 1509K, capacity 1595K, committed 1664K, reserved 1048576K
}
Event: 3.162 GC heap before
{Heap before GC invocations=5 (full 0):
 PSYoungGen      total 35328K, used 35296K [0x00000000eb200000, 0x00000000ed700000, 0x0000000100000000)
  eden space 32768K, 100% used [0x00000000eb200000,0x00000000ed200000,0x00000000ed200000)
  from space 2560K, 98% used [0x00000000ed480000,0x00000000ed6f8318,0x00000000ed700000)
  to   space 2560K, 0% used [0x00000000ed200000,0x00000000ed200000,0x00000000ed480000)
 ParOldGen       total 44032K, used 1730K [0x00000000c1600000, 0x00000000c4100000, 0x00000000eb200000)
  object space 44032K, 3% used [0x00000000c1600000,0x00000000c17b0af0,0x00000000c4100000)
 Metaspace       used 19214K, capacity 19446K, committed 19840K, reserved 1067008K
  class space    used 2471K, capacity 2579K, committed 2688K, reserved 1048576K
Event: 3.177 GC heap after
Heap after GC invocations=5 (full 0):
 PSYoungGen      total 35328K, used 2544K [0x00000000eb200000, 0x00000000f0200000, 0x0000000100000000)
  eden space 32768K, 0% used [0x00000000eb200000,0x00000000eb200000,0x00000000ed200000)
  from space 2560K, 99% used [0x00000000ed200000,0x00000000ed47c328,0x00000000ed480000)
  to   space 8192K, 0% used [0x00000000efa00000,0x00000000efa00000,0x00000000f0200000)
 ParOldGen       total 44032K, used 7378K [0x00000000c1600000, 0x00000000c4100000, 0x00000000eb200000)
  object space 44032K, 16% used [0x00000000c1600000,0x00000000c1d34918,0x00000000c4100000)
 Metaspace       used 19214K, capacity 19446K, committed 19840K, reserved 1067008K
  class space    used 2471K, capacity 2579K, committed 2688K, reserved 1048576K
}
Event: 3.985 GC heap before
{Heap before GC invocations=6 (full 0):
 PSYoungGen      total 35328K, used 16562K [0x00000000eb200000, 0x00000000f0200000, 0x0000000100000000)
  eden space 32768K, 42% used [0x00000000eb200000,0x00000000ebfb0690,0x00000000ed200000)
  from space 2560K, 99% used [0x00000000ed200000,0x00000000ed47c328,0x00000000ed480000)
  to   space 8192K, 0% used [0x00000000efa00000,0x00000000efa00000,0x00000000f0200000)
 ParOldGen       total 44032K, used 7378K [0x00000000c1600000, 0x00000000c4100000, 0x00000000eb200000)
  object space 44032K, 16% used [0x00000000c1600000,0x00000000c1d34918,0x00000000c4100000)
 Metaspace       used 20736K, capacity 21024K, committed 21248K, reserved 1067008K
  class space    used 2628K, capacity 2756K, committed 2816K, reserved 1048576K
Event: 3.995 GC heap after
Heap after GC invocations=6 (full 0):
 PSYoungGen      total 73216K, used 5227K [0x00000000eb200000, 0x00000000f0300000, 0x0000000100000000)
  eden space 65024K, 0% used [0x00000000eb200000,0x00000000eb200000,0x00000000ef180000)
  from space 8192K, 63% used [0x00000000efa00000,0x00000000eff1aed0,0x00000000f0200000)
  to   space 8704K, 0% used [0x00000000ef180000,0x00000000ef180000,0x00000000efa00000)
 ParOldGen       total 44032K, used 7386K [0x00000000c1600000, 0x00000000c4100000, 0x00000000eb200000)
  object space 44032K, 16% used [0x00000000c1600000,0x00000000c1d36918,0x00000000c4100000)
 Metaspace       used 20736K, capacity 21024K, committed 21248K, reserved 1067008K
  class space    used 2628K, capacity 2756K, committed 2816K, reserved 1048576K
}
Event: 3.995 GC heap before
{Heap before GC invocations=7 (full 1):
 PSYoungGen      total 73216K, used 5227K [0x00000000eb200000, 0x00000000f0300000, 0x0000000100000000)
  eden space 65024K, 0% used [0x00000000eb200000,0x00000000eb200000,0x00000000ef180000)
  from space 8192K, 63% used [0x00000000efa00000,0x00000000eff1aed0,0x00000000f0200000)
  to   space 8704K, 0% used [0x00000000ef180000,0x00000000ef180000,0x00000000efa00000)
 ParOldGen       total 44032K, used 7386K [0x00000000c1600000, 0x00000000c4100000, 0x00000000eb200000)
  object space 44032K, 16% used [0x00000000c1600000,0x00000000c1d36918,0x00000000c4100000)
 Metaspace       used 20736K, capacity 21024K, committed 21248K, reserved 1067008K
  class space    used 2628K, capacity 2756K, committed 2816K, reserved 1048576K
Event: 4.035 GC heap after
Heap after GC invocations=7 (full 1):
 PSYoungGen      total 73216K, used 0K [0x00000000eb200000, 0x00000000f0300000, 0x0000000100000000)
  eden space 65024K, 0% used [0x00000000eb200000,0x00000000eb200000,0x00000000ef180000)
  from space 8192K, 0% used [0x00000000efa00000,0x00000000efa00000,0x00000000f0200000)
  to   space 8704K, 0% used [0x00000000ef180000,0x00000000ef180000,0x00000000efa00000)
 ParOldGen       total 35840K, used 10595K [0x00000000c1600000, 0x00000000c3900000, 0x00000000eb200000)
  object space 35840K, 29% used [0x00000000c1600000,0x00000000c2058db8,0x00000000c3900000)
 Metaspace       used 20736K, capacity 21024K, committed 21248K, reserved 1067008K
  class space    used 2628K, capacity 2756K, committed 2816K, reserved 1048576K
}
Event: 5.468 GC heap before
{Heap before GC invocations=8 (full 1):
 PSYoungGen      total 73216K, used 65024K [0x00000000eb200000, 0x00000000f0300000, 0x0000000100000000)
  eden space 65024K, 100% used [0x00000000eb200000,0x00000000ef180000,0x00000000ef180000)
  from space 8192K, 0% used [0x00000000efa00000,0x00000000efa00000,0x00000000f0200000)
  to   space 8704K, 0% used [0x00000000ef180000,0x00000000ef180000,0x00000000efa00000)
 ParOldGen       total 35840K, used 10595K [0x00000000c1600000, 0x00000000c3900000, 0x00000000eb200000)
  object space 35840K, 29% used [0x00000000c1600000,0x00000000c2058db8,0x00000000c3900000)
 Metaspace       used 30552K, capacity 30930K, committed 31360K, reserved 1077248K
  class space    used 4109K, capacity 4201K, committed 4224K, reserved 1048576K
Event: 5.482 GC heap after
Heap after GC invocations=8 (full 1):
 PSYoungGen      total 73728K, used 8685K [0x00000000eb200000, 0x00000000f3500000, 0x0000000100000000)
  eden space 65024K, 0% used [0x00000000eb200000,0x00000000eb200000,0x00000000ef180000)
  from space 8704K, 99% used [0x00000000ef180000,0x00000000ef9fb450,0x00000000efa00000)
  to   space 10752K, 0% used [0x00000000f2a80000,0x00000000f2a80000,0x00000000f3500000)
 ParOldGen       total 35840K, used 10655K [0x00000000c1600000, 0x00000000c3900000, 0x00000000eb200000)
  object space 35840K, 29% used [0x00000000c1600000,0x00000000c2067ce8,0x00000000c3900000)
 Metaspace       used 30552K, capacity 30930K, committed 31360K, reserved 1077248K
  class space    used 4109K, capacity 4201K, committed 4224K, reserved 1048576K
}

Deoptimization events (10 events):
Event: 4.168 Thread 0x00000211ff6fc000 Uncommon trap: reason=class_check action=maybe_recompile pc=0x00000211819b39dc method=sun.security.util.math.intpoly.IntegerPolynomial$MutableElement.setSum(Lsun/security/util/math/IntegerModuloP;)Lsun/security/util/math/intpoly/IntegerPolynomial$MutableE
Event: 4.168 Thread 0x00000211ff6fc000 Uncommon trap: reason=class_check action=maybe_recompile pc=0x00000211819b39dc method=sun.security.util.math.intpoly.IntegerPolynomial$MutableElement.setSum(Lsun/security/util/math/IntegerModuloP;)Lsun/security/util/math/intpoly/IntegerPolynomial$MutableE
Event: 4.168 Thread 0x00000211ff6fc000 Uncommon trap: reason=class_check action=maybe_recompile pc=0x00000211819b39dc method=sun.security.util.math.intpoly.IntegerPolynomial$MutableElement.setSum(Lsun/security/util/math/IntegerModuloP;)Lsun/security/util/math/intpoly/IntegerPolynomial$MutableE
Event: 4.216 Thread 0x00000211ff6fc000 Uncommon trap: reason=unstable_if action=reinterpret pc=0x000002118197e8b4 method=java.util.Arrays.equals([B[B)Z @ 12
Event: 4.297 Thread 0x00000211ff6fc000 Uncommon trap: reason=bimorphic action=maybe_recompile pc=0x00000211817d354c method=java.util.HashMap.putVal(ILjava/lang/Object;Ljava/lang/Object;ZZ)Ljava/lang/Object; @ 203
Event: 4.461 Thread 0x00000211ff6fc000 Uncommon trap: reason=range_check action=make_not_entrant pc=0x000002118173e920 method=sun.reflect.generics.parser.SignatureParser.current()C @ 34
Event: 5.184 Thread 0x00000211ff6fc000 Uncommon trap: reason=unstable_if action=reinterpret pc=0x000002118196ac30 method=java.util.HashMap$HashIterator.<init>(Ljava/util/HashMap;)V @ 45
Event: 5.228 Thread 0x00000211ff6fc000 Uncommon trap: reason=unstable_if action=reinterpret pc=0x0000021181969f34 method=java.util.HashMap$HashIterator.<init>(Ljava/util/HashMap;)V @ 45
Event: 5.229 Thread 0x00000211ff6fc000 Uncommon trap: reason=unstable_if action=reinterpret pc=0x0000021181945e50 method=java.util.HashMap$HashIterator.<init>(Ljava/util/HashMap;)V @ 45
Event: 5.560 Thread 0x00000211ff6fc000 Uncommon trap: reason=unstable_if action=reinterpret pc=0x0000021181b19334 method=java.lang.reflect.Method.invoke(Ljava/lang/Object;[Ljava/lang/Object;)Ljava/lang/Object; @ 4

Classes redefined (0 events):
No events

Internal exceptions (10 events):
Event: 0.399 Thread 0x00000211ff6fc000 Exception <a 'java/security/PrivilegedActionException'> (0x00000000eb75a428) thrown at [C:\jenkins\workspace\8-2-build-windows-amd64-cygwin\jdk8u261\295\hotspot\src\share\vm\prims\jvm.cpp, line 1512]
Event: 0.401 Thread 0x00000211ff6fc000 Exception <a 'java/security/PrivilegedActionException'> (0x00000000eb75e338) thrown at [C:\jenkins\workspace\8-2-build-windows-amd64-cygwin\jdk8u261\295\hotspot\src\share\vm\prims\jvm.cpp, line 1512]
Event: 0.401 Thread 0x00000211ff6fc000 Exception <a 'java/security/PrivilegedActionException'> (0x00000000eb75e548) thrown at [C:\jenkins\workspace\8-2-build-windows-amd64-cygwin\jdk8u261\295\hotspot\src\share\vm\prims\jvm.cpp, line 1512]
Event: 1.026 Thread 0x00000211ff6fc000 Exception <a 'java/lang/NoSuchFieldError': method resolution failed> (0x00000000eb35bfa0) thrown at [C:\jenkins\workspace\8-2-build-windows-amd64-cygwin\jdk8u261\295\hotspot\src\share\vm\prims\methodHandles.cpp, line 1169]
Event: 1.031 Thread 0x00000211ff6fc000 Exception <a 'java/lang/NoSuchFieldError': method resolution failed> (0x00000000eb36a130) thrown at [C:\jenkins\workspace\8-2-build-windows-amd64-cygwin\jdk8u261\295\hotspot\src\share\vm\prims\methodHandles.cpp, line 1169]
Event: 1.502 Thread 0x00000211ff6fc000 Implicit null exception at 0x00000211815e0051 to 0x00000211815e0211
Event: 4.216 Thread 0x00000211ff6fc000 Implicit null exception at 0x000002118197e75d to 0x000002118197e8a1
Event: 4.461 Thread 0x00000211ff6fc000 Exception <a 'java/lang/ArrayIndexOutOfBoundsException': 18> (0x00000000ec4aa768) thrown at [C:\jenkins\workspace\8-2-build-windows-amd64-cygwin\jdk8u261\295\hotspot\src\share\vm\interpreter\interpreterRuntime.cpp, line 368]
Event: 4.517 Thread 0x00000211ff6fc000 Exception <a 'java/lang/ArrayIndexOutOfBoundsException': 38> (0x00000000ec8098b0) thrown at [C:\jenkins\workspace\8-2-build-windows-amd64-cygwin\jdk8u261\295\hotspot\src\share\vm\interpreter\interpreterRuntime.cpp, line 368]
Event: 4.517 Thread 0x00000211ff6fc000 Exception <a 'java/lang/ArrayIndexOutOfBoundsException': 37> (0x00000000ec80a9e0) thrown at [C:\jenkins\workspace\8-2-build-windows-amd64-cygwin\jdk8u261\295\hotspot\src\share\vm\interpreter\interpreterRuntime.cpp, line 368]

Events (10 events):
Event: 5.604 loading class com/mysql/cj/AbstractQueryBindings
Event: 5.604 loading class com/mysql/cj/AbstractQueryBindings done
Event: 5.606 loading class java/text/DateFormat
Event: 5.606 loading class java/text/DateFormat done
Event: 5.606 loading class java/text/SimpleDateFormat
Event: 5.607 loading class java/text/SimpleDateFormat done
Event: 5.608 loading class com/mysql/cj/BindValue
Event: 5.608 loading class com/mysql/cj/BindValue done
Event: 5.609 loading class com/mysql/cj/ClientPreparedQueryBindValue
Event: 5.609 loading class com/mysql/cj/ClientPreparedQueryBindValue done


Dynamic libraries:
0x00007ff69c1e0000 - 0x00007ff69c227000 	C:\Program Files\Java\jdk1.8.0_261\bin\java.exe
0x00007ffd99f50000 - 0x00007ffd9a146000 	C:\Windows\SYSTEM32\ntdll.dll
0x00007ffd98c50000 - 0x00007ffd98d0d000 	C:\Windows\System32\KERNEL32.DLL
0x00007ffd97940000 - 0x00007ffd97c09000 	C:\Windows\System32\KERNELBASE.dll
0x00007ffd98090000 - 0x00007ffd9813c000 	C:\Windows\System32\ADVAPI32.dll
0x00007ffd98540000 - 0x00007ffd985de000 	C:\Windows\System32\msvcrt.dll
0x00007ffd99dc0000 - 0x00007ffd99e5c000 	C:\Windows\System32\sechost.dll
0x00007ffd98d80000 - 0x00007ffd98eab000 	C:\Windows\System32\RPCRT4.dll
0x00007ffd99680000 - 0x00007ffd99820000 	C:\Windows\System32\USER32.dll
0x00007ffd97910000 - 0x00007ffd97932000 	C:\Windows\System32\win32u.dll
0x00007ffd99ee0000 - 0x00007ffd99f0a000 	C:\Windows\System32\GDI32.dll
0x00007ffd97cc0000 - 0x00007ffd97dc9000 	C:\Windows\System32\gdi32full.dll
0x00007ffd977f0000 - 0x00007ffd9788d000 	C:\Windows\System32\msvcp_win.dll
0x00007ffd97eb0000 - 0x00007ffd97fb0000 	C:\Windows\System32\ucrtbase.dll
0x00007ffd87700000 - 0x00007ffd8799b000 	C:\Windows\WinSxS\amd64_microsoft.windows.common-controls_6595b64144ccf1df_6.0.19041.488_none_ca04af081b815d21\COMCTL32.dll
0x00007ffd98150000 - 0x00007ffd98180000 	C:\Windows\System32\IMM32.DLL
0x00007ffd91d40000 - 0x00007ffd91d55000 	C:\Program Files\Java\jdk1.8.0_261\jre\bin\vcruntime140.dll
0x00007ffd91650000 - 0x00007ffd916eb000 	C:\Program Files\Java\jdk1.8.0_261\jre\bin\msvcp140.dll
0x0000000070ed0000 - 0x000000007173c000 	C:\Program Files\Java\jdk1.8.0_261\jre\bin\server\jvm.dll
0x00007ffd98140000 - 0x00007ffd98148000 	C:\Windows\System32\PSAPI.DLL
0x00007ffd91a40000 - 0x00007ffd91a49000 	C:\Windows\SYSTEM32\WSOCK32.dll
0x00007ffd98d10000 - 0x00007ffd98d7b000 	C:\Windows\System32\WS2_32.dll
0x00007ffd8fd80000 - 0x00007ffd8fda7000 	C:\Windows\SYSTEM32\WINMM.dll
0x00007ffd88c30000 - 0x00007ffd88c3a000 	C:\Windows\SYSTEM32\VERSION.dll
0x00007ffd95f70000 - 0x00007ffd95f82000 	C:\Windows\SYSTEM32\kernel.appcore.dll
0x00007ffd92190000 - 0x00007ffd921a0000 	C:\Program Files\Java\jdk1.8.0_261\jre\bin\verify.dll
0x00007ffd906a0000 - 0x00007ffd906cb000 	C:\Program Files\Java\jdk1.8.0_261\jre\bin\java.dll
0x00007ffd8bed0000 - 0x00007ffd8bf02000 	C:\Program Files\Java\jdk1.8.0_261\jre\bin\instrument.dll
0x00007ffd91d20000 - 0x00007ffd91d38000 	C:\Program Files\Java\jdk1.8.0_261\jre\bin\zip.dll
0x00007ffd98f30000 - 0x00007ffd99672000 	C:\Windows\System32\SHELL32.dll
0x00007ffd95340000 - 0x00007ffd95ad5000 	C:\Windows\SYSTEM32\windows.storage.dll
0x00007ffd981e0000 - 0x00007ffd98536000 	C:\Windows\System32\combase.dll
0x00007ffd97030000 - 0x00007ffd9705c000 	C:\Windows\SYSTEM32\Wldp.dll
0x00007ffd985e0000 - 0x00007ffd9868e000 	C:\Windows\System32\SHCORE.dll
0x00007ffd98180000 - 0x00007ffd981d5000 	C:\Windows\System32\shlwapi.dll
0x00007ffd975c0000 - 0x00007ffd975e6000 	C:\Windows\SYSTEM32\profapi.dll
0x00007ffd91b10000 - 0x00007ffd91b2a000 	C:\Program Files\JetBrains\IntelliJ IDEA 2020.2.3\bin\breakgen64.dll
0x00007ffd91a90000 - 0x00007ffd91aac000 	C:\Program Files\Java\jdk1.8.0_261\jre\bin\net.dll
0x00007ffd96db0000 - 0x00007ffd96e1a000 	C:\Windows\system32\mswsock.dll
0x00007ffd96f80000 - 0x00007ffd96f98000 	C:\Windows\SYSTEM32\CRYPTSP.dll
0x00007ffd96740000 - 0x00007ffd96774000 	C:\Windows\system32\rsaenh.dll
0x00007ffd97e80000 - 0x00007ffd97ea7000 	C:\Windows\System32\bcrypt.dll
0x00007ffd97580000 - 0x00007ffd975ae000 	C:\Windows\SYSTEM32\USERENV.dll
0x00007ffd97890000 - 0x00007ffd97910000 	C:\Windows\System32\bcryptprimitives.dll
0x00007ffd96fa0000 - 0x00007ffd96fac000 	C:\Windows\SYSTEM32\CRYPTBASE.dll
0x00007ffd96aa0000 - 0x00007ffd96adb000 	C:\Windows\SYSTEM32\IPHLPAPI.DLL
0x00007ffd99c90000 - 0x00007ffd99c98000 	C:\Windows\System32\NSI.dll
0x00007ffd8c670000 - 0x00007ffd8c687000 	C:\Windows\SYSTEM32\dhcpcsvc6.DLL
0x00007ffd8d500000 - 0x00007ffd8d51d000 	C:\Windows\SYSTEM32\dhcpcsvc.DLL
0x00007ffd96ae0000 - 0x00007ffd96bab000 	C:\Windows\SYSTEM32\DNSAPI.dll
0x00007ffd91a50000 - 0x00007ffd91a63000 	C:\Program Files\Java\jdk1.8.0_261\jre\bin\nio.dll
0x00007ffd8c660000 - 0x00007ffd8c66a000 	C:\Windows\System32\rasadhlp.dll
0x00007ffd8c3a0000 - 0x00007ffd8c41f000 	C:\Windows\System32\fwpuclnt.dll
0x00007ffd8be80000 - 0x00007ffd8bea4000 	C:\Program Files\Java\jdk1.8.0_261\jre\bin\sunec.dll
0x00007ffd91870000 - 0x00007ffd9187d000 	C:\Program Files\Java\jdk1.8.0_261\jre\bin\sunmscapi.dll
0x00007ffd97690000 - 0x00007ffd977ed000 	C:\Windows\System32\CRYPT32.dll
0x00007ffd970a0000 - 0x00007ffd970c7000 	C:\Windows\SYSTEM32\ncrypt.dll
0x00007ffd97060000 - 0x00007ffd9709b000 	C:\Windows\SYSTEM32\NTASN1.dll
0x00007ffd95c00000 - 0x00007ffd95de4000 	C:\Windows\SYSTEM32\dbghelp.dll

VM Arguments:
jvm_args: -javaagent:C:\Program Files\JetBrains\IntelliJ IDEA 2020.2.3\lib\idea_rt.jar=62111:C:\Program Files\JetBrains\IntelliJ IDEA 2020.2.3\bin -Dfile.encoding=UTF-8 
java_command: App
java_class_path (initial): C:\Program Files\Java\jdk1.8.0_261\jre\lib\charsets.jar;C:\Program Files\Java\jdk1.8.0_261\jre\lib\deploy.jar;C:\Program Files\Java\jdk1.8.0_261\jre\lib\ext\access-bridge-64.jar;C:\Program Files\Java\jdk1.8.0_261\jre\lib\ext\cldrdata.jar;C:\Program Files\Java\jdk1.8.0_261\jre\lib\ext\dnsns.jar;C:\Program Files\Java\jdk1.8.0_261\jre\lib\ext\jaccess.jar;C:\Program Files\Java\jdk1.8.0_261\jre\lib\ext\jfxrt.jar;C:\Program Files\Java\jdk1.8.0_261\jre\lib\ext\localedata.jar;C:\Program Files\Java\jdk1.8.0_261\jre\lib\ext\nashorn.jar;C:\Program Files\Java\jdk1.8.0_261\jre\lib\ext\sunec.jar;C:\Program Files\Java\jdk1.8.0_261\jre\lib\ext\sunjce_provider.jar;C:\Program Files\Java\jdk1.8.0_261\jre\lib\ext\sunmscapi.jar;C:\Program Files\Java\jdk1.8.0_261\jre\lib\ext\sunpkcs11.jar;C:\Program Files\Java\jdk1.8.0_261\jre\lib\ext\zipfs.jar;C:\Program Files\Java\jdk1.8.0_261\jre\lib\javaws.jar;C:\Program Files\Java\jdk1.8.0_261\jre\lib\jce.jar;C:\Program Files\Java\jdk1.8.0_261\jre\lib\jfr.jar;C:\Program Files\Java\jdk1.8.0_261\jre\lib\jfxswt.jar;C:\Program Files\Java\jdk1.8.0_261\jre\lib\jsse.jar;C:\Program Files\Java\jdk1.8.0_261\jre\lib\management-agent.jar;C:\Program Files\Java\jdk1.8.0_261\jre\lib\plugin.jar;C:\Program Files\Java\jdk1.8.0_261\jre\lib\resources.jar;C:\Program Files\Java\jdk1.8.0_261\jre\lib\rt.jar;C:\Users\Soheil\Desktop\Emp_Add_Pho\target\classes;C:\Users\Soheil\.m2\repository\mysql\mysql-connector-java\8.0.21\mysql-connector-java-8.0.21.jar;C:\Users\Soheil\.m2\repository\com\google\protobuf\protobuf-java\3.11.4\protobuf-java-3.11.4.jar;C:\Users\Soheil\.m2\repository\org\hibernate\hibernate-core\5.3.7.Final\hibernate-core-5.3.7.Final.jar;C:\Users\Soheil\.m2\repository\org\jboss\logging\jboss-logging\3.3.2.Final\jboss-logging-3.3.2.Final.jar;C:\Users\Soheil\.m2\repository\javax\persistence\javax.persistence-api\2.2\javax.persistence-api-2.2.jar;C:\Users\Soheil\.m2\repository\org\javassist\javassist\3.23.1-GA\javassist-3.23.1-GA.jar;C:
Launcher Type: SUN_STANDARD

Environment Variables:
JAVA_HOME=C:\Program Files\Java\jdk1.8.0_261
JRE_HOME=C:\Program Files\Java\jre1.8.0_271
PATH=C:\Program Files (x86)\Common Files\Oracle\Java\javapath;C:\Windows\system32;C:\Windows;C:\Windows\System32\Wbem;C:\Windows\System32\WindowsPowerShell\v1.0\;C:\Windows\System32\OpenSSH\;C:\Program Files\Git\cmd;C:\Windows\System32;C:\Program Files\MySQL\MySQL Server 8.0\bin;C:\Program Files\Git\bin;C:\apache-tomcat-8.5.59\bin;C:\Program Files\Microsoft VS Code\bin;C:\Program Files\Java\jdk1.8.0_261\bin;C:\Users\Soheil\AppData\Local\Programs\Python\Python39\Scripts\;C:\Users\Soheil\AppData\Local\Programs\Python\Python39\;C:\Users\Soheil\AppData\Local\Programs\Python\Launcher\;C:\Program Files\MySQL\MySQL Shell 8.0\bin\;C:\Users\Soheil\AppData\Local\Programs\Python\Python38-32\Scripts\;C:\Users\Soheil\AppData\Local\Programs\Python\Python38-32\;C:\Users\Soheil\AppData\Local\Microsoft\WindowsApps;C:\Users\Soheil\AppData\Local\Programs\Microsoft VS Code\bin;C:\Program Files\JetBrains\IntelliJ IDEA 2020.2.3\bin;;C:\apache-maven-3.6.3\bin;
USERNAME=Soheil
OS=Windows_NT
PROCESSOR_IDENTIFIER=Intel64 Family 6 Model 69 Stepping 1, GenuineIntel



---------------  S Y S T E M  ---------------

OS: Windows 10.0 , 64 bit Build 19041 (10.0.19041.662)

CPU:total 4 (initial active 4) (2 cores per cpu, 2 threads per core) family 6 model 69 stepping 1, cmov, cx8, fxsr, mmx, sse, sse2, sse3, ssse3, sse4.1, sse4.2, popcnt, avx, avx2, aes, clmul, erms, lzcnt, ht, tsc, tscinvbit, bmi1, bmi2

Memory: 4k page, physical 4097104k(405664k free), swap 16680016k(4704k free)

vm_info: Java HotSpot(TM) 64-Bit Server VM (25.261-b12) for windows-amd64 JRE (1.8.0_261-b12), built on Jun 18 2020 06:56:32 by "" with unknown MS VC++:1916

time: Thu Jan  7 20:49:31 2021
timezone: Iran Standard Time
elapsed time: 5 seconds (0d 0h 0m 5s)

